[2019-08-15 10:20:36,615] - ERROR - : meizhu_login.py--{"data":"","info":"用户不存在","status":100}
[2019-08-15 10:20:36,740] - INFO - : meizhu_login.py--{"data":"","info":"密码不正确","status":101}
[2019-08-15 10:20:36,818] - INFO - : meizhu_login.py--{"data":"success","info":"成功","status":200}
[2019-08-15 10:20:37,240] - INFO - : meizhu_addvip.py--{"data":"","info":"会员手机号码已存在","status":709}
[2019-08-15 10:20:37,334] - ERROR - : meizhu_addvip.py--{"data":"","info":"会员手机号码已存在","status":709}
[2019-08-15 10:47:02,611] - ERROR - : meizhu_login.py--{"data":"","info":"用户不存在","status":100}
[2019-08-15 10:47:02,767] - INFO - : meizhu_login.py--{"data":"","info":"密码不正确","status":101}
[2019-08-15 10:47:02,892] - INFO - : meizhu_login.py--{"data":"success","info":"成功","status":200}
[2019-08-15 10:47:03,314] - INFO - : meizhu_addvip.py--{"data":"","info":"会员手机号码已存在","status":709}
[2019-08-15 10:47:03,423] - ERROR - : meizhu_addvip.py--{"data":"","info":"会员手机号码已存在","status":709}
[2019-08-15 10:57:29,365] - ERROR - : meizhu_login.py--{"data":"","info":"用户不存在","status":100}
[2019-08-15 10:57:29,461] - INFO - : meizhu_login.py--{"data":"","info":"密码不正确","status":101}
[2019-08-15 10:57:29,550] - INFO - : meizhu_login.py--{"data":"success","info":"成功","status":200}
[2019-08-15 10:57:29,956] - INFO - : meizhu_addvip.py--{"data":"","info":"会员手机号码已存在","status":709}
[2019-08-15 10:57:30,050] - ERROR - : meizhu_addvip.py--{"data":"","info":"会员手机号码已存在","status":709}
[2019-08-15 11:40:22,867] - ERROR - : meizhu_login.py--{"data":"","info":"用户不存在","status":100}
[2019-08-15 11:40:22,945] - INFO - : meizhu_login.py--{"data":"","info":"密码不正确","status":101}
[2019-08-15 11:40:23,023] - INFO - : meizhu_login.py--{"data":"success","info":"成功","status":200}
[2019-08-15 11:40:50,310] - ERROR - : meizhu_login.py--{"data":"","info":"用户不存在","status":100}
[2019-08-15 11:40:50,388] - INFO - : meizhu_login.py--{"data":"","info":"密码不正确","status":101}
[2019-08-15 11:40:50,466] - INFO - : meizhu_login.py--{"data":"success","info":"成功","status":200}
[2019-08-15 11:41:17,209] - ERROR - : meizhu_login.py--{"data":"","info":"用户不存在","status":100}
[2019-08-15 11:41:17,271] - INFO - : meizhu_login.py--{"data":"","info":"密码不正确","status":101}
[2019-08-15 11:41:17,349] - INFO - : meizhu_login.py--{"data":"success","info":"成功","status":200}
[2019-08-15 11:42:47,982] - ERROR - : meizhu_login.py--{"data":"","info":"用户不存在","status":100}
[2019-08-15 11:42:48,061] - INFO - : meizhu_login.py--{"data":"","info":"密码不正确","status":101}
[2019-08-15 11:42:48,154] - INFO - : meizhu_login.py--{"data":"success","info":"成功","status":200}
[2019-08-15 11:43:13,114] - ERROR - : meizhu_login.py--{"data":"","info":"用户不存在","status":100}
[2019-08-15 11:43:13,192] - INFO - : meizhu_login.py--{"data":"","info":"密码不正确","status":101}
[2019-08-15 11:43:13,270] - INFO - : meizhu_login.py--{"data":"success","info":"成功","status":200}
[2019-08-15 11:43:13,723] - INFO - : meizhu_addvip.py--{"data":"","info":"会员手机号码已存在","status":709}
[2019-08-15 11:43:13,817] - ERROR - : meizhu_addvip.py--{"data":"","info":"会员手机号码已存在","status":709}
