[2019-08-14 17:36:03,474] - ERROR - : meizhu_login.py--{"data":"","info":"用户不存在","status":100}
[2019-08-14 17:36:03,573] - INFO - : meizhu_login.py--{"data":"","info":"密码不正确","status":101}
[2019-08-14 17:36:03,660] - INFO - : meizhu_login.py--{"data":"success","info":"成功","status":200}
[2019-08-14 17:36:04,067] - INFO - : meizhu_addvip.py--{"data":"","info":"会员手机号码已存在","status":709}
[2019-08-14 17:36:04,160] - ERROR - : meizhu_addvip.py--{"data":"","info":"会员手机号码已存在","status":709}
[2019-08-14 17:51:48,267] - ERROR - : meizhu_login.py--{"data":"","info":"用户不存在","status":100}
[2019-08-14 17:51:48,365] - INFO - : meizhu_login.py--{"data":"","info":"密码不正确","status":101}
[2019-08-14 17:51:48,449] - INFO - : meizhu_login.py--{"data":"success","info":"成功","status":200}
[2019-08-14 17:51:48,912] - INFO - : meizhu_addvip.py--{"data":"","info":"会员手机号码已存在","status":709}
[2019-08-14 17:51:49,008] - ERROR - : meizhu_addvip.py--{"data":"","info":"会员手机号码已存在","status":709}
[2019-08-14 17:53:18,137] - ERROR - : meizhu_login.py--{"data":"","info":"用户不存在","status":100}
[2019-08-14 17:53:18,256] - INFO - : meizhu_login.py--{"data":"","info":"密码不正确","status":101}
[2019-08-14 17:53:18,409] - INFO - : meizhu_login.py--{"data":"success","info":"成功","status":200}
[2019-08-14 17:53:18,866] - INFO - : meizhu_addvip.py--{"data":"","info":"会员手机号码已存在","status":709}
[2019-08-14 17:53:19,028] - ERROR - : meizhu_addvip.py--{"data":"","info":"会员手机号码已存在","status":709}
[2019-08-14 17:55:06,722] - ERROR - : meizhu_login.py--{"data":"","info":"用户不存在","status":100}
[2019-08-14 17:55:06,803] - INFO - : meizhu_login.py--{"data":"","info":"密码不正确","status":101}
[2019-08-14 17:55:06,949] - INFO - : meizhu_login.py--{"data":"success","info":"成功","status":200}
[2019-08-14 17:55:07,361] - INFO - : meizhu_addvip.py--{"data":"","info":"会员手机号码已存在","status":709}
[2019-08-14 17:55:07,461] - ERROR - : meizhu_addvip.py--{"data":"","info":"会员手机号码已存在","status":709}
