[2019-08-18 17:42:57,913] - ERROR - : meizhu_login.py--{"data":"","info":"用户不存在","status":100}
[2019-08-18 17:42:58,022] - INFO - : meizhu_login.py--{"data":"","info":"密码不正确","status":101}
[2019-08-18 17:42:58,100] - INFO - : meizhu_login.py--{"data":"success","info":"成功","status":200}
[2019-08-18 17:42:58,507] - INFO - : meizhu_addvip.py--{"data":"","info":"会员手机号码已存在","status":709}
[2019-08-18 17:42:58,600] - ERROR - : meizhu_addvip.py--{"data":"","info":"会员手机号码已存在","status":709}
[2019-08-18 17:44:52,474] - ERROR - : meizhu_login.py--{"data":"","info":"用户不存在","status":100}
[2019-08-18 17:44:52,552] - INFO - : meizhu_login.py--{"data":"","info":"密码不正确","status":101}
[2019-08-18 17:44:52,646] - INFO - : meizhu_login.py--{"data":"success","info":"成功","status":200}
[2019-08-18 17:44:53,054] - INFO - : meizhu_addvip.py--{"data":"","info":"会员手机号码已存在","status":709}
[2019-08-18 17:44:53,148] - ERROR - : meizhu_addvip.py--{"data":"","info":"会员手机号码已存在","status":709}
[2019-08-18 17:45:59,562] - ERROR - : meizhu_login.py--{"data":"","info":"用户不存在","status":100}
[2019-08-18 17:45:59,641] - INFO - : meizhu_login.py--{"data":"","info":"密码不正确","status":101}
[2019-08-18 17:45:59,734] - INFO - : meizhu_login.py--{"data":"success","info":"成功","status":200}
[2019-08-18 17:46:00,140] - INFO - : meizhu_addvip.py--{"data":"","info":"会员手机号码已存在","status":709}
[2019-08-18 17:46:00,234] - ERROR - : meizhu_addvip.py--{"data":"","info":"会员手机号码已存在","status":709}
[2019-08-18 17:46:12,635] - ERROR - : meizhu_login.py--{"data":"","info":"用户不存在","status":100}
[2019-08-18 17:46:12,713] - INFO - : meizhu_login.py--{"data":"","info":"密码不正确","status":101}
[2019-08-18 17:46:12,791] - INFO - : meizhu_login.py--{"data":"success","info":"成功","status":200}
[2019-08-18 17:46:13,213] - INFO - : meizhu_addvip.py--{"data":"","info":"会员手机号码已存在","status":709}
[2019-08-18 17:46:13,307] - ERROR - : meizhu_addvip.py--{"data":"","info":"会员手机号码已存在","status":709}
