[2019-06-15 08:19:52,763] - ERROR - : meizhu_login.py--{"data":"","info":"用户不存在","status":100}
[2019-06-15 08:19:52,841] - INFO - : meizhu_login.py--{"data":"","info":"密码不正确","status":101}
[2019-06-15 08:19:52,934] - INFO - : meizhu_login.py--{"data":"success","info":"成功","status":200}
[2019-06-15 08:19:53,375] - INFO - : meizhu_addvip.py--{"data":"","info":"会员手机号码已存在","status":709}
[2019-06-15 08:19:53,453] - ERROR - : meizhu_addvip.py--{"data":"","info":"会员手机号码已存在","status":709}
[2019-06-15 08:30:41,472] - ERROR - : meizhu_login.py--{"data":"","info":"用户不存在","status":100}
[2019-06-15 08:30:41,550] - INFO - : meizhu_login.py--{"data":"","info":"密码不正确","status":101}
[2019-06-15 08:30:41,628] - INFO - : meizhu_login.py--{"data":"success","info":"成功","status":200}
[2019-06-15 08:30:42,019] - INFO - : meizhu_addvip.py--{"data":"","info":"会员手机号码已存在","status":709}
[2019-06-15 08:30:42,112] - ERROR - : meizhu_addvip.py--{"data":"","info":"会员手机号码已存在","status":709}
[2019-06-15 08:35:35,766] - ERROR - : meizhu_login.py--{"data":"","info":"用户不存在","status":100}
[2019-06-15 08:35:35,860] - INFO - : meizhu_login.py--{"data":"","info":"密码不正确","status":101}
[2019-06-15 08:35:35,938] - INFO - : meizhu_login.py--{"data":"success","info":"成功","status":200}
[2019-06-15 08:35:44,302] - ERROR - : meizhu_login.py--{"data":"","info":"用户不存在","status":100}
[2019-06-15 08:35:44,380] - INFO - : meizhu_login.py--{"data":"","info":"密码不正确","status":101}
[2019-06-15 08:35:44,474] - INFO - : meizhu_login.py--{"data":"success","info":"成功","status":200}
[2019-06-15 08:37:18,706] - ERROR - : meizhu_login.py--{"data":"","info":"用户不存在","status":100}
[2019-06-15 08:37:18,800] - INFO - : meizhu_login.py--{"data":"","info":"密码不正确","status":101}
[2019-06-15 08:37:18,894] - INFO - : meizhu_login.py--{"data":"success","info":"成功","status":200}
[2019-06-15 08:38:56,782] - ERROR - : meizhu_login.py--{"data":"","info":"用户不存在","status":100}
[2019-06-15 08:38:56,860] - INFO - : meizhu_login.py--{"data":"","info":"密码不正确","status":101}
[2019-06-15 08:38:56,954] - INFO - : meizhu_login.py--{"data":"success","info":"成功","status":200}
[2019-06-15 08:38:57,360] - INFO - : meizhu_addvip.py--{"data":"","info":"会员手机号码已存在","status":709}
[2019-06-15 08:38:57,469] - ERROR - : meizhu_addvip.py--{"data":"","info":"会员手机号码已存在","status":709}
[2019-06-15 08:39:40,417] - ERROR - : meizhu_login.py--{"data":"","info":"用户不存在","status":100}
[2019-06-15 08:39:40,511] - INFO - : meizhu_login.py--{"data":"","info":"密码不正确","status":101}
[2019-06-15 08:39:40,589] - INFO - : meizhu_login.py--{"data":"success","info":"成功","status":200}
[2019-06-15 08:39:40,979] - INFO - : meizhu_addvip.py--{"data":"","info":"会员手机号码已存在","status":709}
[2019-06-15 08:39:41,089] - ERROR - : meizhu_addvip.py--{"data":"","info":"会员手机号码已存在","status":709}
[2019-06-15 08:40:21,143] - ERROR - : meizhu_login.py--{"data":"","info":"用户不存在","status":100}
[2019-06-15 08:40:21,221] - INFO - : meizhu_login.py--{"data":"","info":"密码不正确","status":101}
[2019-06-15 08:40:21,315] - INFO - : meizhu_login.py--{"data":"success","info":"成功","status":200}
[2019-06-15 08:40:21,721] - INFO - : meizhu_addvip.py--{"data":"","info":"会员手机号码已存在","status":709}
[2019-06-15 08:40:21,830] - ERROR - : meizhu_addvip.py--{"data":"","info":"会员手机号码已存在","status":709}
[2019-06-15 08:47:06,937] - ERROR - : meizhu_login.py--{"data":"","info":"用户不存在","status":100}
[2019-06-15 08:47:07,021] - INFO - : meizhu_login.py--{"data":"","info":"密码不正确","status":101}
[2019-06-15 08:47:07,113] - INFO - : meizhu_login.py--{"data":"success","info":"成功","status":200}
[2019-06-15 08:47:07,511] - INFO - : meizhu_addvip.py--{"data":"","info":"会员手机号码已存在","status":709}
[2019-06-15 08:47:07,617] - ERROR - : meizhu_addvip.py--{"data":"","info":"会员手机号码已存在","status":709}
[2019-06-15 08:52:15,751] - ERROR - : meizhu_login.py--{"data":"","info":"用户不存在","status":100}
[2019-06-15 08:52:15,835] - INFO - : meizhu_login.py--{"data":"","info":"密码不正确","status":101}
[2019-06-15 08:52:15,923] - INFO - : meizhu_login.py--{"data":"success","info":"成功","status":200}
[2019-06-15 08:52:16,355] - INFO - : meizhu_addvip.py--{"data":"","info":"会员手机号码已存在","status":709}
[2019-06-15 08:52:16,458] - ERROR - : meizhu_addvip.py--{"data":"","info":"会员手机号码已存在","status":709}
[2019-06-15 08:58:36,908] - ERROR - : meizhu_login.py--{"data":"","info":"用户不存在","status":100}
[2019-06-15 08:58:36,990] - INFO - : meizhu_login.py--{"data":"","info":"密码不正确","status":101}
[2019-06-15 08:58:37,082] - INFO - : meizhu_login.py--{"data":"success","info":"成功","status":200}
[2019-06-15 08:58:37,493] - INFO - : meizhu_addvip.py--{"data":"","info":"会员手机号码已存在","status":709}
[2019-06-15 08:58:37,591] - ERROR - : meizhu_addvip.py--{"data":"","info":"会员手机号码已存在","status":709}
[2019-06-15 08:59:33,656] - ERROR - : meizhu_login.py--{"data":"","info":"用户不存在","status":100}
[2019-06-15 08:59:33,738] - INFO - : meizhu_login.py--{"data":"","info":"密码不正确","status":101}
[2019-06-15 08:59:33,827] - INFO - : meizhu_login.py--{"data":"success","info":"成功","status":200}
[2019-06-15 08:59:34,223] - INFO - : meizhu_addvip.py--{"data":"","info":"会员手机号码已存在","status":709}
[2019-06-15 08:59:34,329] - ERROR - : meizhu_addvip.py--{"data":"","info":"会员手机号码已存在","status":709}
[2019-06-15 09:00:35,733] - ERROR - : meizhu_login.py--{"data":"","info":"用户不存在","status":100}
[2019-06-15 09:00:35,820] - INFO - : meizhu_login.py--{"data":"","info":"密码不正确","status":101}
[2019-06-15 09:00:35,921] - INFO - : meizhu_login.py--{"data":"success","info":"成功","status":200}
[2019-06-15 09:00:36,411] - INFO - : meizhu_addvip.py--{"data":"","info":"会员手机号码已存在","status":709}
[2019-06-15 09:00:36,520] - ERROR - : meizhu_addvip.py--{"data":"","info":"会员手机号码已存在","status":709}
[2019-06-15 09:02:15,143] - ERROR - : meizhu_login.py--{"data":"","info":"用户不存在","status":100}
[2019-06-15 09:02:15,233] - INFO - : meizhu_login.py--{"data":"","info":"密码不正确","status":101}
[2019-06-15 09:02:15,324] - INFO - : meizhu_login.py--{"data":"success","info":"成功","status":200}
[2019-06-15 09:02:15,754] - INFO - : meizhu_addvip.py--{"data":"","info":"会员手机号码已存在","status":709}
[2019-06-15 09:02:15,857] - ERROR - : meizhu_addvip.py--{"data":"","info":"会员手机号码已存在","status":709}
