[2019-08-19 09:43:19,953] - ERROR - : meizhu_login.py--{"data":"","info":"用户不存在","status":100}
[2019-08-19 09:43:20,082] - INFO - : meizhu_login.py--{"data":"","info":"密码不正确","status":101}
[2019-08-19 09:43:20,210] - INFO - : meizhu_login.py--{"data":"success","info":"成功","status":200}
[2019-08-19 09:43:20,856] - INFO - : meizhu_addvip.py--{"data":"","info":"会员手机号码已存在","status":709}
[2019-08-19 09:43:20,966] - ERROR - : meizhu_addvip.py--{"data":"","info":"会员手机号码已存在","status":709}
[2019-08-19 09:43:51,446] - ERROR - : meizhu_login.py--{"data":"","info":"用户不存在","status":100}
[2019-08-19 09:43:51,580] - INFO - : meizhu_login.py--{"data":"","info":"密码不正确","status":101}
[2019-08-19 09:43:51,716] - INFO - : meizhu_login.py--{"data":"success","info":"成功","status":200}
[2019-08-19 09:43:52,348] - INFO - : meizhu_addvip.py--{"data":"","info":"会员手机号码已存在","status":709}
[2019-08-19 09:43:52,456] - ERROR - : meizhu_addvip.py--{"data":"","info":"会员手机号码已存在","status":709}
[2019-08-19 14:33:20,645] - ERROR - : meizhu_login.py--{"data":"","info":"用户不存在","status":100}
[2019-08-19 14:33:20,775] - INFO - : meizhu_login.py--{"data":"","info":"密码不正确","status":101}
[2019-08-19 14:33:20,931] - INFO - : meizhu_login.py--{"data":"success","info":"成功","status":200}
[2019-08-19 14:33:21,642] - INFO - : meizhu_addvip.py--{"data":"","info":"会员手机号码已存在","status":709}
[2019-08-19 14:33:21,750] - ERROR - : meizhu_addvip.py--{"data":"","info":"会员手机号码已存在","status":709}
[2019-08-19 14:36:47,314] - INFO - : meizhu_login.py--{"data":"","info":"用户不存在","status":100}
[2019-08-19 14:36:47,437] - INFO - : meizhu_login.py--{"data":"","info":"密码不正确","status":101}
[2019-08-19 14:36:47,591] - INFO - : meizhu_login.py--{"data":"success","info":"成功","status":200}
[2019-08-19 14:36:48,214] - INFO - : meizhu_addvip.py--{"data":"","info":"会员手机号码已存在","status":709}
[2019-08-19 14:36:48,331] - INFO - : meizhu_addvip.py--{"data":"","info":"会员手机号码已存在","status":709}
[2019-08-19 14:39:44,143] - INFO - : meizhu_login.py--{"data":"","info":"用户不存在","status":100}
[2019-08-19 14:39:44,273] - INFO - : meizhu_login.py--{"data":"","info":"密码不正确","status":101}
[2019-08-19 14:39:44,408] - INFO - : meizhu_login.py--{"data":"success","info":"成功","status":200}
[2019-08-19 14:39:45,032] - ERROR - : meizhu_addvip.py--{"data":"","info":"会员手机号码已存在","status":709}
[2019-08-19 14:39:45,146] - INFO - : meizhu_addvip.py--{"data":"","info":"会员手机号码已存在","status":709}
